Using pre-set license
Built from '2022.3/staging' branch; Version is '2022.3.2f1 (d74737c6db50) revision 14108471'; Using compiler version '192829333'; Build Type 'Release'
OS: 'Windows 11  (10.0.22631) 64bit CoreSingleLanguage' Language: 'en' Physical Memory: 16085 MB
BatchMode: 1, IsHumanControllingUs: 0, StartBugReporterOnCrash: 0, Is64bit: 1, IsPro: 1

COMMAND LINE ARGUMENTS:
C:\Program Files\Unity\Hub\Editor\2022.3.2f1\Editor\Unity.exe
-adb2
-batchMode
-noUpm
-name
AssetImportWorker0
-projectPath
C:/Users/Kukuh/Documents/ProjectSkripsi/My project
-logFile
Logs/AssetImportWorker0.log
-srvPort
49881
Successfully changed project path to: C:/Users/Kukuh/Documents/ProjectSkripsi/My project
C:/Users/Kukuh/Documents/ProjectSkripsi/My project
[UnityMemory] Configuration Parameters - Can be set up in boot.config
    "memorysetup-bucket-allocator-granularity=16"
    "memorysetup-bucket-allocator-bucket-count=8"
    "memorysetup-bucket-allocator-block-size=33554432"
    "memorysetup-bucket-allocator-block-count=8"
    "memorysetup-main-allocator-block-size=16777216"
    "memorysetup-thread-allocator-block-size=16777216"
    "memorysetup-gfx-main-allocator-block-size=16777216"
    "memorysetup-gfx-thread-allocator-block-size=16777216"
    "memorysetup-cache-allocator-block-size=4194304"
    "memorysetup-typetree-allocator-block-size=2097152"
    "memorysetup-profiler-bucket-allocator-granularity=16"
    "memorysetup-profiler-bucket-allocator-bucket-count=8"
    "memorysetup-profiler-bucket-allocator-block-size=33554432"
    "memorysetup-profiler-bucket-allocator-block-count=8"
    "memorysetup-profiler-allocator-block-size=16777216"
    "memorysetup-profiler-editor-allocator-block-size=1048576"
    "memorysetup-temp-allocator-size-main=16777216"
    "memorysetup-job-temp-allocator-block-size=2097152"
    "memorysetup-job-temp-allocator-block-size-background=1048576"
    "memorysetup-job-temp-allocator-reduction-small-platforms=262144"
    "memorysetup-allocator-temp-initial-block-size-main=262144"
    "memorysetup-allocator-temp-initial-block-size-worker=262144"
    "memorysetup-temp-allocator-size-background-worker=32768"
    "memorysetup-temp-allocator-size-job-worker=262144"
    "memorysetup-temp-allocator-size-preload-manager=33554432"
    "memorysetup-temp-allocator-size-nav-mesh-worker=65536"
    "memorysetup-temp-allocator-size-audio-worker=65536"
    "memorysetup-temp-allocator-size-cloud-worker=32768"
    "memorysetup-temp-allocator-size-gi-baking-worker=262144"
    "memorysetup-temp-allocator-size-gfx=262144"
Player connection [9320] Host "[IP] 192.168.0.5 [Port] 0 [Flags] 2 [Guid] 2994883517 [EditorId] 2994883517 [Version] 1048832 [Id] WindowsEditor(7,MSI) [Debug] 1 [PackageName] WindowsEditor [ProjectName] Editor" joined multi-casting on [225.0.0.222:54997]...

Player connection [9320] Host "[IP] 192.168.0.5 [Port] 0 [Flags] 2 [Guid] 2994883517 [EditorId] 2994883517 [Version] 1048832 [Id] WindowsEditor(7,MSI) [Debug] 1 [PackageName] WindowsEditor [ProjectName] Editor" joined alternative multi-casting on [225.0.0.222:34997]...

Refreshing native plugins compatible for Editor in 37.88 ms, found 3 plugins.
Preloading 0 native plugins for Editor in 0.00 ms.
Initialize engine version: 2022.3.2f1 (d74737c6db50)
[Subsystems] Discovering subsystems at path C:/Program Files/Unity/Hub/Editor/2022.3.2f1/Editor/Data/Resources/UnitySubsystems
[Subsystems] Discovering subsystems at path C:/Users/Kukuh/Documents/ProjectSkripsi/My project/Assets
GfxDevice: creating device client; threaded=0; jobified=0
Direct3D:
    Version:  Direct3D 11.0 [level 11.1]
    Renderer: NVIDIA GeForce GTX 1650 with Max-Q Design (ID=0x1f9d)
    Vendor:   NVIDIA
    VRAM:     3938 MB
    Driver:   32.0.15.5599
Initialize mono
Mono path[0] = 'C:/Program Files/Unity/Hub/Editor/2022.3.2f1/Editor/Data/Managed'
Mono path[1] = 'C:/Program Files/Unity/Hub/Editor/2022.3.2f1/Editor/Data/MonoBleedingEdge/lib/mono/unityjit-win32'
Mono config path = 'C:/Program Files/Unity/Hub/Editor/2022.3.2f1/Editor/Data/MonoBleedingEdge/etc'
Using monoOptions --debugger-agent=transport=dt_socket,embedding=1,server=y,suspend=n,address=127.0.0.1:56192
Begin MonoManager ReloadAssembly
Registering precompiled unity dll's ...
Register platform support module: C:/Program Files/Unity/Hub/Editor/2022.3.2f1/Editor/Data/PlaybackEngines/WebGLSupport/UnityEditor.WebGL.Extensions.dll
Register platform support module: C:/Program Files/Unity/Hub/Editor/2022.3.2f1/Editor/Data/PlaybackEngines/AndroidPlayer/UnityEditor.Android.Extensions.dll
Register platform support module: C:/Program Files/Unity/Hub/Editor/2022.3.2f1/Editor/Data/PlaybackEngines/WindowsStandaloneSupport/UnityEditor.WindowsStandalone.Extensions.dll
Registered in 0.016815 seconds.
- Loaded All Assemblies, in  0.552 seconds
Native extension for WindowsStandalone target not found
Native extension for Android target not found
Android Extension - Scanning For ADB Devices 411 ms
Native extension for WebGL target not found
Mono: successfully reloaded assembly
- Finished resetting the current domain, in  0.834 seconds
Domain Reload Profiling: 1384ms
	BeginReloadAssembly (190ms)
		ExecutionOrderSort (0ms)
		DisableScriptedObjects (0ms)
		BackupInstance (0ms)
		ReleaseScriptingObjects (0ms)
		CreateAndSetChildDomain (1ms)
	RebuildCommonClasses (50ms)
	RebuildNativeTypeToScriptingClass (13ms)
	initialDomainReloadingComplete (85ms)
	LoadAllAssembliesAndSetupDomain (212ms)
		LoadAssemblies (168ms)
		RebuildTransferFunctionScriptingTraits (0ms)
		AnalyzeDomain (204ms)
			TypeCache.Refresh (203ms)
				TypeCache.ScanAssembly (185ms)
			ScanForSourceGeneratedMonoScriptInfo (0ms)
			ResolveRequiredComponents (1ms)
	FinalizeReload (835ms)
		ReleaseScriptCaches (0ms)
		RebuildScriptCaches (0ms)
		SetupLoadedEditorAssemblies (756ms)
			LogAssemblyErrors (0ms)
			InitializePlatformSupportModulesInManaged (553ms)
			SetLoadedEditorAssemblies (5ms)
			RefreshPlugins (0ms)
			BeforeProcessingInitializeOnLoad (3ms)
			ProcessInitializeOnLoadAttributes (134ms)
			ProcessInitializeOnLoadMethodAttributes (60ms)
			AfterProcessingInitializeOnLoad (0ms)
			EditorAssembliesLoaded (0ms)
		ExecutionOrderSort2 (0ms)
		AwakeInstancesAfterBackupRestoration (0ms)
========================================================================
Worker process is ready to serve import requests
Begin MonoManager ReloadAssembly
Symbol file LoadedFromMemory doesn't match image C:\Users\Kukuh\Documents\ProjectSkripsi\My project\Library\PackageCache\com.unity.visualscripting@1.8.0\Editor\VisualScripting.Core\Dependencies\YamlDotNet\Unity.VisualScripting.YamlDotNet.dll
Symbol file LoadedFromMemory doesn't match image C:\Users\Kukuh\Documents\ProjectSkripsi\My project\Library\PackageCache\com.unity.visualscripting@1.8.0\Editor\VisualScripting.Core\Dependencies\DotNetZip\Unity.VisualScripting.IonicZip.dll
- Loaded All Assemblies, in  0.992 seconds
Refreshing native plugins compatible for Editor in 5.45 ms, found 3 plugins.
Native extension for WindowsStandalone target not found
Native extension for Android target not found
Native extension for WebGL target not found
Mono: successfully reloaded assembly
- Finished resetting the current domain, in  0.895 seconds
Domain Reload Profiling: 1885ms
	BeginReloadAssembly (147ms)
		ExecutionOrderSort (0ms)
		DisableScriptedObjects (7ms)
		BackupInstance (0ms)
		ReleaseScriptingObjects (0ms)
		CreateAndSetChildDomain (24ms)
	RebuildCommonClasses (48ms)
	RebuildNativeTypeToScriptingClass (10ms)
	initialDomainReloadingComplete (41ms)
	LoadAllAssembliesAndSetupDomain (743ms)
		LoadAssemblies (435ms)
		RebuildTransferFunctionScriptingTraits (0ms)
		AnalyzeDomain (378ms)
			TypeCache.Refresh (332ms)
				TypeCache.ScanAssembly (317ms)
			ScanForSourceGeneratedMonoScriptInfo (30ms)
			ResolveRequiredComponents (15ms)
	FinalizeReload (895ms)
		ReleaseScriptCaches (0ms)
		RebuildScriptCaches (0ms)
		SetupLoadedEditorAssemblies (677ms)
			LogAssemblyErrors (0ms)
			InitializePlatformSupportModulesInManaged (41ms)
			SetLoadedEditorAssemblies (6ms)
			RefreshPlugins (0ms)
			BeforeProcessingInitializeOnLoad (179ms)
			ProcessInitializeOnLoadAttributes (366ms)
			ProcessInitializeOnLoadMethodAttributes (78ms)
			AfterProcessingInitializeOnLoad (7ms)
			EditorAssembliesLoaded (0ms)
		ExecutionOrderSort2 (0ms)
		AwakeInstancesAfterBackupRestoration (7ms)
Launched and connected shader compiler UnityShaderCompiler.exe after 0.05 seconds
Refreshing native plugins compatible for Editor in 4.89 ms, found 3 plugins.
Preloading 0 native plugins for Editor in 0.00 ms.
Unloading 5450 Unused Serialized files (Serialized files now loaded: 0)
Unloading 74 unused Assets / (390.0 KB). Loaded Objects now: 5915.
Memory consumption went from 217.5 MB to 217.1 MB.
Total: 4.758700 ms (FindLiveObjects: 0.505500 ms CreateObjectMapping: 0.459400 ms MarkObjects: 3.557500 ms  DeleteObjects: 0.234800 ms)

AssetImportParameters requested are different than current active one (requested -> active):
  custom:container-demuxer-ogg: 62fdf1f143b41e24485cea50d1cbac27 -> 
  custom:video-codec-MediaFoundation-h265: 746d11721c4dcdbdad8f713fa42b33f4 -> 
  custom:video-decoder-ogg-theora: a1e56fd34408186e4bbccfd4996cb3dc -> 
  custom:framework-win-MediaFoundation: 216162199b28c13a410421893ffa2e32 -> 
  custom:container-demuxer-webm: 4f35f7cbe854078d1ac9338744f61a02 -> 
  custom:container-muxer-webm: aa71ff27fc2769a1b78a27578f13a17b -> 
  custom:video-decoder-webm-vp8: 9c59270c3fd7afecdb556c50c9e8de78 -> 
  custom:AudioImporter_EditorPlatform: d09bf68614088b80899f8185d706f6e7 -> 
  custom:video-encoder-webm-vp8: eb34c28f22e8b96e1ab97ce403110664 -> 
  custom:audio-decoder-ogg-vorbis: bf7c407c2cedff20999df2af8eb42d56 -> 
  custom:audio-encoder-webm-vorbis: bf7c407c2cedff20999df2af8eb42d56 -> 
========================================================================
Received Import Request.
  Time since last request: 22140.056020 seconds.
  path: Assets/_Main/Animations/UI
  artifactKey: Guid(39af706dbfb1fc347a12b2944acb6310) Importer(815301076,1909f56bfc062723c751e8b465ee728b)
Start importing Assets/_Main/Animations/UI using Guid(39af706dbfb1fc347a12b2944acb6310) Importer(815301076,1909f56bfc062723c751e8b465ee728b)  -> (artifact id: '1aec8a982f873512e96d91f74ec7001a') in 0.002993 seconds
Number of updated asset objects reloaded before import = 0
Number of asset objects unloaded after import = 0
========================================================================
Received Import Request.
  Time since last request: 4024.135664 seconds.
  path: Assets/_Main/Resources/Graphics/Gallery
  artifactKey: Guid(fe6f48f58d143fd4f9ab54c15f700e66) Importer(815301076,1909f56bfc062723c751e8b465ee728b)
Start importing Assets/_Main/Resources/Graphics/Gallery using Guid(fe6f48f58d143fd4f9ab54c15f700e66) Importer(815301076,1909f56bfc062723c751e8b465ee728b)  -> (artifact id: 'e06b5a78ce0ccaac301aa90c8e21af5d') in 0.007921 seconds
Number of updated asset objects reloaded before import = 0
Number of asset objects unloaded after import = 0
========================================================================
Received Import Request.
  Time since last request: 0.034837 seconds.
  path: Assets/_Main/Resources/Graphics/Gallery/creek.jpg
  artifactKey: Guid(b84e72b8a6bfa944e8d4f3d0424d601f) Importer(815301076,1909f56bfc062723c751e8b465ee728b)
Start importing Assets/_Main/Resources/Graphics/Gallery/creek.jpg using Guid(b84e72b8a6bfa944e8d4f3d0424d601f) Importer(815301076,1909f56bfc062723c751e8b465ee728b)  -> (artifact id: '79ada05a40cf5029a763ab64d702419f') in 0.074627 seconds
Number of updated asset objects reloaded before import = 0
Number of asset objects unloaded after import = 1
========================================================================
Received Import Request.
  Time since last request: 0.000022 seconds.
  path: Assets/_Main/Resources/Graphics/Gallery/sci3.png
  artifactKey: Guid(dfd4c02fd4b666a4eaea18c9cd1de4f3) Importer(815301076,1909f56bfc062723c751e8b465ee728b)
Start importing Assets/_Main/Resources/Graphics/Gallery/sci3.png using Guid(dfd4c02fd4b666a4eaea18c9cd1de4f3) Importer(815301076,1909f56bfc062723c751e8b465ee728b)  -> (artifact id: '98c2239c2b5f6eeaa9be30d7cad3a9f5') in 0.028271 seconds
Number of updated asset objects reloaded before import = 0
Number of asset objects unloaded after import = 1
========================================================================
Received Import Request.
  Time since last request: 0.000033 seconds.
  path: Assets/_Main/Resources/Graphics/Gallery/worlds.jpg
  artifactKey: Guid(fbee613acdfd9b645b405ac7c54ce650) Importer(815301076,1909f56bfc062723c751e8b465ee728b)
Start importing Assets/_Main/Resources/Graphics/Gallery/worlds.jpg using Guid(fbee613acdfd9b645b405ac7c54ce650) Importer(815301076,1909f56bfc062723c751e8b465ee728b)  -> (artifact id: 'dfbbc9a0023d19c15407648845b8ab93') in 0.064405 seconds
Number of updated asset objects reloaded before import = 0
Number of asset objects unloaded after import = 1
========================================================================
Received Import Request.
  Time since last request: 0.002590 seconds.
  path: Assets/_Main/Resources/Graphics/Gallery/sci2.png
  artifactKey: Guid(5c69d6b0476a78544b185d419c1c9236) Importer(815301076,1909f56bfc062723c751e8b465ee728b)
Start importing Assets/_Main/Resources/Graphics/Gallery/sci2.png using Guid(5c69d6b0476a78544b185d419c1c9236) Importer(815301076,1909f56bfc062723c751e8b465ee728b)  -> (artifact id: '752d7f046cad601a753a4c96bb996054') in 0.038941 seconds
Number of updated asset objects reloaded before import = 0
Number of asset objects unloaded after import = 1
========================================================================
Received Import Request.
  Time since last request: 0.000023 seconds.
  path: Assets/_Main/Resources/Graphics/Gallery/hiya.jpg
  artifactKey: Guid(950debe3569b8b44aae687f9ac27a607) Importer(815301076,1909f56bfc062723c751e8b465ee728b)
Start importing Assets/_Main/Resources/Graphics/Gallery/hiya.jpg using Guid(950debe3569b8b44aae687f9ac27a607) Importer(815301076,1909f56bfc062723c751e8b465ee728b)  -> (artifact id: '3324d95171c4f49a8166505d72dbbe9d') in 0.014710 seconds
Number of updated asset objects reloaded before import = 0
Number of asset objects unloaded after import = 1
========================================================================
Received Import Request.
  Time since last request: 0.000021 seconds.
  path: Assets/_Main/Resources/Graphics/Gallery/FaultCinematic.jpg
  artifactKey: Guid(3337f6f4d4e6b8c40a4c4e27a210144b) Importer(815301076,1909f56bfc062723c751e8b465ee728b)
Start importing Assets/_Main/Resources/Graphics/Gallery/FaultCinematic.jpg using Guid(3337f6f4d4e6b8c40a4c4e27a210144b) Importer(815301076,1909f56bfc062723c751e8b465ee728b)  -> (artifact id: '0c30809deebb5d5bdd061f4b7c9d39e5') in 0.007152 seconds
Number of updated asset objects reloaded before import = 0
Number of asset objects unloaded after import = 1
========================================================================
Received Import Request.
  Time since last request: 0.000028 seconds.
  path: Assets/_Main/Resources/Graphics/Gallery/space1.jpg
  artifactKey: Guid(8cdc2dd972b24a34ab2eb3e878912fa8) Importer(815301076,1909f56bfc062723c751e8b465ee728b)
Start importing Assets/_Main/Resources/Graphics/Gallery/space1.jpg using Guid(8cdc2dd972b24a34ab2eb3e878912fa8) Importer(815301076,1909f56bfc062723c751e8b465ee728b)  -> (artifact id: '99f096f7f459a6896ed11aebae5dc366') in 0.009348 seconds
Number of updated asset objects reloaded before import = 0
Number of asset objects unloaded after import = 1
========================================================================
Received Import Request.
  Time since last request: 0.000026 seconds.
  path: Assets/_Main/Resources/Graphics/Gallery/flower.jpg
  artifactKey: Guid(21d0eaef72b76934491d70826a3ce699) Importer(815301076,1909f56bfc062723c751e8b465ee728b)
Start importing Assets/_Main/Resources/Graphics/Gallery/flower.jpg using Guid(21d0eaef72b76934491d70826a3ce699) Importer(815301076,1909f56bfc062723c751e8b465ee728b)  -> (artifact id: 'ce702c974412efdd32f7acf389662e90') in 0.016336 seconds
Number of updated asset objects reloaded before import = 0
Number of asset objects unloaded after import = 1
Editor requested this worker to shutdown with reason: Scaling down because of idle timeout
TcpMessagingSession - receive error: operation aborted. errorcode: 995, details: The I/O operation has been aborted because of either a thread exit or an application request.
AssetImportWorker is now disconnected from the server
Process exiting
Exiting without the bug reporter. Application will terminate with return code 0